===== Start of Run =====
2015-Oct-12 14:27:31.610: run_tests.rb:202 Ruby Dir 'C:/Ruby193/bin' Version: '1.9.3'
2015-Oct-12 14:27:31.610: run_tests.rb:203 OS 'mingw32'
2015-Oct-12 14:27:31.610: run_tests.rb:204 FW Dir: 'D:/Selenium/workspace/Selenium Framework'
2015-Oct-12 14:27:31.610: run_tests.rb:205 AutomationTool Version: 0.5
2015-Oct-12 14:27:31.610: run_tests.rb:206 Test Run Mode: SCRIPT FILE
2015-Oct-12 14:27:31.620: run_tests.rb:207 Output folder: log/20151012/Run_ma1000_general_eth_default_20151012_1427
2015-Oct-12 14:27:31.620: run_tests.rb:210 Parsed communication parameters from command line:
2015-Oct-12 14:27:31.620: run_tests.rb:211 	Channel      : Ethernet
2015-Oct-12 14:27:31.620: run_tests.rb:307 Following test scripts from 'script' folder will be processed:
2015-Oct-12 14:27:31.630: run_tests.rb:308 	 1) MA1000\ma1000_general.rb
2015-Oct-12 14:27:31.630: test_config.rb:13 Loading configuration file D:/Selenium/workspace/Selenium Framework/config/default.yml
2015-Oct-12 14:27:31.670: run_tests.rb:378 Default test configuration loaded from file 'config/default.yml'
2015-Oct-12 14:27:31.670: user_functions.rb:17 Loading user functions from 'user' folder:
2015-Oct-12 14:27:31.780: user_functions.rb:23 	ma1000_functions.rb
2015-Oct-12 14:27:31.780: user_functions.rb:23 	support_functions.rb

----- Overall Execution Summary -----
Test Run Mode   : SCRIPT FILE(ma1000_general_eth_default_20151012_142731)
Communication   : Ethernet IP = N/A; TCP Port = N/A
Device Info     : Type = N/A; S/N = N/A; F/W = N/A; Sensor = N/A; Reader = N/A
Assertions      : Total 0 (Pass 0; Fail 0)
Tests           : Total 0 (Pass 0; Fail 0; Error 0)
Run Start Time  : 2015-Oct-12 14:27:31.610
Run End Time    : 2015-Oct-12 14:27:31.800
Run Duration    : about 190 milliseconds
Result logs generated at 'log/20151012/Run_ma1000_general_eth_default_20151012_1427'
===== End of Run =====

